<?xml version="1.0" encoding="UTF-8"?>
<testng-results skipped="0" failed="0" total="4" passed="4">
  <reporter-output>
  </reporter-output>
  <suite name="Suite Name" duration-ms="24566" started-at="2018-09-11T11:22:02Z" finished-at="2018-09-11T11:22:26Z">
    <groups>
    </groups>
    <test name="TestA" duration-ms="24566" started-at="2018-09-11T11:22:02Z" finished-at="2018-09-11T11:22:26Z">
      <class name="com.mvn.test.abcd">
        <test-method status="PASS" signature="demo()[pri:0, instance:com.mvn.test.abcd@42e26948]" name="demo" duration-ms="22502" started-at="2018-09-11T16:52:02Z" finished-at="2018-09-11T16:52:24Z">
          <reporter-output>
          </reporter-output>
        </test-method> <!-- demo -->
        <test-method status="PASS" signature="demo2()[pri:0, instance:com.mvn.test.abcd@42e26948]" name="demo2" duration-ms="2" started-at="2018-09-11T16:52:24Z" finished-at="2018-09-11T16:52:24Z">
          <reporter-output>
          </reporter-output>
        </test-method> <!-- demo2 -->
        <test-method status="PASS" signature="demo3()[pri:0, instance:com.mvn.test.abcd@42e26948]" name="demo3" duration-ms="3" started-at="2018-09-11T16:52:24Z" finished-at="2018-09-11T16:52:24Z">
          <reporter-output>
          </reporter-output>
        </test-method> <!-- demo3 -->
        <test-method status="PASS" signature="demo4()[pri:0, instance:com.mvn.test.abcd@42e26948]" name="demo4" duration-ms="2022" started-at="2018-09-11T16:52:24Z" finished-at="2018-09-11T16:52:26Z">
          <reporter-output>
          </reporter-output>
        </test-method> <!-- demo4 -->
      </class> <!-- com.mvn.test.abcd -->
    </test> <!-- TestA -->
  </suite> <!-- Suite Name -->
</testng-results>
